<?xml version="1.0" encoding="UTF-8"?>
<testng-results skipped="0" failed="0" ignored="0" total="1" passed="1">
  <reporter-output>
  </reporter-output>
  <suite name="Default suite" duration-ms="78" started-at="2020-03-07T12:14:38Z" finished-at="2020-03-07T12:14:38Z">
    <groups>
    </groups>
    <test name="Default test" duration-ms="78" started-at="2020-03-07T12:14:38Z" finished-at="2020-03-07T12:14:38Z">
      <class name="JsonTest.JsonWrite">
        <test-method status="PASS" signature="test()[pri:0, instance:JsonTest.JsonWrite@4439f31e]" name="test" duration-ms="31" started-at="2020-03-07T12:14:38Z" finished-at="2020-03-07T12:14:38Z">
          <reporter-output>
          </reporter-output>
        </test-method> <!-- test -->
      </class> <!-- JsonTest.JsonWrite -->
    </test> <!-- Default test -->
  </suite> <!-- Default suite -->
</testng-results>
